2018-Feb-07 Wed 12:14:39 CustomLogging.py[line:49] DEBUG it's debug msg
2018-Feb-07 Wed 12:14:39 CustomLogging.py[line:52] INFO it's info msg
2018-Feb-07 Wed 12:14:39 CustomLogging.py[line:55] WARNING it's warning msg
2018-Feb-07 Wed 12:14:39 CustomLogging.py[line:58] ERROR it's error msg
2018-Feb-07 Wed 12:14:39 CustomLogging.py[line:61] CRITICAL it's fuck msg
2018-Feb-07 Wed 12:14:39 CustomLogging.py[line:78] INFO Test logging info
2018-Feb-07 Wed 13:55:01 CustomLogging.py[line:49] DEBUG it's debug msg
2018-Feb-07 Wed 13:55:01 CustomLogging.py[line:52] INFO it's info msg
2018-Feb-07 Wed 13:55:01 CustomLogging.py[line:55] WARNING it's warning msg
2018-Feb-07 Wed 13:55:01 CustomLogging.py[line:58] ERROR it's error msg
2018-Feb-07 Wed 13:55:01 CustomLogging.py[line:61] CRITICAL it's fuck msg
2018-Feb-07 Wed 13:55:01 CustomLogging.py[line:78] INFO Test logging info
2018-Feb-07 Wed 13:55:04 CustomLogging.py[line:49] DEBUG it's debug msg
2018-Feb-07 Wed 13:55:04 CustomLogging.py[line:52] INFO it's info msg
2018-Feb-07 Wed 13:55:04 CustomLogging.py[line:55] WARNING it's warning msg
2018-Feb-07 Wed 13:55:04 CustomLogging.py[line:58] ERROR it's error msg
2018-Feb-07 Wed 13:55:04 CustomLogging.py[line:61] CRITICAL it's fuck msg
2018-Feb-07 Wed 13:55:04 CustomLogging.py[line:78] INFO Test logging info
2018-Feb-07 Wed 13:55:30 CustomLogging.py[line:49] DEBUG it's debug msg
2018-Feb-07 Wed 13:55:30 CustomLogging.py[line:52] INFO it's info msg
2018-Feb-07 Wed 13:55:30 CustomLogging.py[line:55] WARNING it's warning msg
2018-Feb-07 Wed 13:55:30 CustomLogging.py[line:58] ERROR it's error msg
2018-Feb-07 Wed 13:55:30 CustomLogging.py[line:61] CRITICAL it's fuck msg
2018-Feb-07 Wed 13:55:30 CustomLogging.py[line:78] INFO Test logging info
2018-02-07 Wed 14:04:40 CustomLogging.py[line:49] DEBUG it's debug msg
2018-02-07 Wed 14:04:40 CustomLogging.py[line:52] INFO it's info msg
2018-02-07 Wed 14:04:40 CustomLogging.py[line:55] WARNING it's warning msg
2018-02-07 Wed 14:04:40 CustomLogging.py[line:58] ERROR it's error msg
2018-02-07 Wed 14:04:40 CustomLogging.py[line:61] CRITICAL it's fuck msg
2018-02-07 Wed 14:04:40 CustomLogging.py[line:78] INFO Test logging info
